<?xml version="1.0" encoding="UTF-8"?>
<!-- Generated by org.testng.reporters.JUnitReportReporter -->
<testsuite hostname="CTAS-Laptop076" failures="0" tests="2" name="javaTestNG.day2" time="0.005" errors="0" timestamp="2024-02-15T16:30:45 ICT" skipped="0">
  <testcase classname="javaTestNG.day2" name="demo2" time="0.001"/>
  <testcase classname="javaTestNG.day2" name="demo" time="0.004"/>
</testsuite> <!-- javaTestNG.day2 -->
