<?xml version="1.0" encoding="UTF-8"?>
<!-- Generated by org.testng.reporters.JUnitReportReporter -->
<testsuite hostname="CTAS-Laptop076" failures="0" tests="1" name="javaTestNG.day2" time="0.008" errors="0" timestamp="2024-02-13T16:47:14 ICT" skipped="0">
  <testcase classname="javaTestNG.day2" name="Demo" time="0.008"/>
</testsuite> <!-- javaTestNG.day2 -->
