<?xml version="1.0" encoding="UTF-8"?>
<!-- Generated by org.testng.reporters.JUnitReportReporter -->
<testsuite hostname="CTAS-Laptop076" failures="0" tests="5" name="javaTestNG.day3" time="0.004" errors="0" timestamp="2024-02-15T11:43:53 ICT" skipped="0">
  <testcase classname="javaTestNG.day3" name="mobileLoginCarLoad" time="0.001"/>
  <testcase classname="javaTestNG.day3" name="webLoginCarLoad" time="0.001"/>
  <testcase classname="javaTestNG.day3" name="mobileSignInCarLoad" time="0.000"/>
  <testcase classname="javaTestNG.day3" name="mobileSignOutCarLoad" time="0.002"/>
  <testcase classname="javaTestNG.day3" name="APILoginCarLoad" time="0.000"/>
</testsuite> <!-- javaTestNG.day3 -->
