<?xml version="1.0" encoding="UTF-8"?>
<!-- Generated by org.testng.reporters.JUnitReportReporter -->
<testsuite hostname="CTAS-Laptop076" failures="0" tests="2" name="javaTestNG.day1" time="0.002" errors="0" timestamp="2024-02-15T11:27:53 ICT" skipped="0">
  <testcase classname="javaTestNG.day1" name="login" time="0.001"/>
  <testcase classname="javaTestNG.day1" name="home" time="0.001"/>
</testsuite> <!-- javaTestNG.day1 -->
