<?xml version="1.0" encoding="UTF-8"?>
<!-- Generated by org.testng.reporters.JUnitReportReporter -->
<testsuite hostname="CTAS-Laptop076" failures="0" tests="7" name="javaTestNG.day3" time="0.015" errors="0" timestamp="2024-02-16T08:49:34 ICT" skipped="1">
  <testcase classname="javaTestNG.day3" name="APILoginCarLoad" time="0.002"/>
  <testcase classname="javaTestNG.day3" name="mobileLoginCarLoad" time="0.001"/>
  <testcase classname="javaTestNG.day3" name="APILoginCarLoad" time="0.001"/>
  <testcase classname="javaTestNG.day3" name="APILoginCarLoad" time="0.002"/>
  <testcase classname="javaTestNG.day3" name="mobileSignOutCarLoad" time="0.007"/>
  <testcase classname="javaTestNG.day3" name="webLoginCarLoad" time="0.002"/>
  <testcase classname="javaTestNG.day3" name="mobileSignInCarLoad">
    <skipped/>
  </testcase> <!-- mobileSignInCarLoad -->
</testsuite> <!-- javaTestNG.day3 -->
