<?xml version="1.0" encoding="UTF-8"?>
<!-- Generated by org.testng.reporters.JUnitReportReporter -->
<testsuite hostname="CTAS-Laptop076" failures="0" tests="2" name="javaTestNG.day2" time="0.009" errors="0" timestamp="2024-02-16T08:57:42 ICT" skipped="0">
  <testcase classname="javaTestNG.day2" name="demo" time="0.008"/>
  <testcase classname="javaTestNG.day2" name="demo2" time="0.001"/>
</testsuite> <!-- javaTestNG.day2 -->
