<?xml version="1.0" encoding="UTF-8"?>
<!-- Generated by org.testng.reporters.JUnitReportReporter -->
<testsuite hostname="CTAS-Laptop076" failures="0" tests="1" name="javaTestNG.day3" time="0.006" errors="0" timestamp="2024-02-15T14:09:12 ICT" skipped="0">
  <testcase classname="javaTestNG.day3" name="webLoginCarLoad" time="0.006"/>
</testsuite> <!-- javaTestNG.day3 -->
