<?xml version="1.0" encoding="UTF-8"?>
<!-- Generated by org.testng.reporters.JUnitReportReporter -->
<testsuite hostname="CTAS-Laptop076" failures="0" tests="2" name="javaTestNG.PS1" time="0.011" errors="0" timestamp="2024-02-17T10:57:42 ICT" skipped="0">
  <testcase classname="javaTestNG.PS1" name="callPS" time="0.006"/>
  <testcase classname="javaTestNG.PS1" name="doThis" time="0.005"/>
</testsuite> <!-- javaTestNG.PS1 -->
